[aharnish@aharnishX13 wumpus-simulator]$  cd /home/aharnish/Documents/AhmedabadUniversity/ai\ 🤖/wumpus-simulator ; /usr/bin/env /bin/python /home/aharnish/.vscode/extensions/ms-python.python-2023.20.0/pythonFiles/lib/python/debugpy/adapter/../../debugpy/launcher 38637 -- /home/aharnish/Documents/AhmedabadUniversity/ai\ 🤖/wumpus-simulator/main.py 
current block info []
WUMPUS POSSIBLITIES
1|0|1|1|
0|0|0|1|
1|0|1|1|
1|1|1|1|
PIT POSSIBILITIES
1|0|1|1|
0|0|0|1|
1|0|1|1|
1|1|1|1|
VISITED LOCATIONS
0|0|0|0|
0|1|0|0|
0|0|0|0|
0|0|0|0|
current location: [1, 1]   current direction: west
0,0     |1,0    |2,0    |3,0    |
_________________________________

0,1     |1,1<   |2,1    |3,1w   |
_________________________________

0,2     |1,2    |2,2g   |3,2    |
_________________________________

0,3     |1,3p   |2,3    |3,3p   |
_________________________________

Action: right    current location: [1, 1]   current direction: west
Action: forward    current location: [1, 1]   current direction: north
the player is at the new location [1, 0]
WUMPUS POSSIBLITIES
0|0|0|1|
0|0|0|1|
1|0|1|1|
1|1|1|1|
PIT POSSIBILITIES
0|0|0|1|
0|0|0|1|
1|0|1|1|
1|1|1|1|
VISITED LOCATIONS
0|1|0|0|
0|1|0|0|
0|0|0|0|
0|0|0|0|
current location: [1, 0]   current direction: north
0,0     |1,0^   |2,0    |3,0    |
_________________________________

0,1     |1,1    |2,1    |3,1w   |
_________________________________

0,2     |1,2    |2,2g   |3,2    |
_________________________________

0,3     |1,3p   |2,3    |3,3p   |
_________________________________

Action: right    current location: [1, 0]   current direction: north
Action: forward    current location: [1, 0]   current direction: east
the player is at the new location [2, 0]
WUMPUS POSSIBLITIES
0|0|0|0|
0|0|0|1|
1|0|1|1|
1|1|1|1|
PIT POSSIBILITIES
0|0|0|0|
0|0|0|1|
1|0|1|1|
1|1|1|1|
VISITED LOCATIONS
0|1|1|0|
0|1|0|0|
0|0|0|0|
0|0|0|0|
current location: [2, 0]   current direction: east
0,0     |1,0    |2,0>   |3,0    |
_________________________________

0,1     |1,1    |2,1    |3,1w   |
_________________________________

0,2     |1,2    |2,2g   |3,2    |
_________________________________

0,3     |1,3p   |2,3    |3,3p   |
_________________________________

Action: forward    current location: [2, 0]   current direction: east
the player is at the new location [3, 0]
WUMPUS POSSIBLITIES
0|0|0|0|
0|0|0|1|
1|0|1|1|
1|1|1|1|
PIT POSSIBILITIES
0|0|0|0|
0|0|0|1|
1|0|1|1|
1|1|1|1|
VISITED LOCATIONS
0|1|1|1|
0|1|0|0|
0|0|0|0|
0|0|0|0|
current location: [3, 0]   current direction: east
0,0     |1,0    |2,0    |3,0>   |
_________________________________

0,1     |1,1    |2,1    |3,1w   |
_________________________________

0,2     |1,2    |2,2g   |3,2    |
_________________________________

0,3     |1,3p   |2,3    |3,3p   |
_________________________________
